2023-01-09 09:29:44.383  INFO 4504 --- [main] com.kgisl.bootbrit.BootbritApplication   : Starting BootbritApplication using Java 1.8.0_131 on KGISL070 with PID 4504 (C:\Users\praveen.paneerselvam\Desktop\bootbrit\target\classes started by praveen.paneerselvam in C:\Users\praveen.paneerselvam\Desktop\bootbrit)
2023-01-09 09:29:44.395 DEBUG 4504 --- [main] com.kgisl.bootbrit.BootbritApplication   : Running with Spring Boot v2.7.7, Spring v5.3.24
2023-01-09 09:29:44.396  INFO 4504 --- [main] com.kgisl.bootbrit.BootbritApplication   : No active profile set, falling back to 1 default profile: "default"
2023-01-09 09:29:45.576  INFO 4504 --- [main] .s.d.r.c.RepositoryConfigurationDelegate : Bootstrapping Spring Data JPA repositories in DEFAULT mode.
2023-01-09 09:29:45.727  INFO 4504 --- [main] .s.d.r.c.RepositoryConfigurationDelegate : Finished Spring Data repository scanning in 141 ms. Found 3 JPA repository interfaces.
2023-01-09 09:29:47.006  INFO 4504 --- [main] o.s.b.w.embedded.tomcat.TomcatWebServer  : Tomcat initialized with port(s): 8080 (http)
2023-01-09 09:29:47.023  INFO 4504 --- [main] o.apache.catalina.core.StandardService   : Starting service [Tomcat]
2023-01-09 09:29:47.024  INFO 4504 --- [main] org.apache.catalina.core.StandardEngine  : Starting Servlet engine: [Apache Tomcat/9.0.70]
2023-01-09 09:29:47.596  INFO 4504 --- [main] o.a.c.c.C.[Tomcat].[localhost].[/]       : Initializing Spring embedded WebApplicationContext
2023-01-09 09:29:47.597  INFO 4504 --- [main] w.s.c.ServletWebServerApplicationContext : Root WebApplicationContext: initialization completed in 3117 ms
2023-01-09 09:29:48.464  INFO 4504 --- [main] com.zaxxer.hikari.HikariDataSource       : HikariPool-1 - Starting...
2023-01-09 09:29:48.751  INFO 4504 --- [main] com.zaxxer.hikari.HikariDataSource       : HikariPool-1 - Start completed.
2023-01-09 09:29:49.513  INFO 4504 --- [main] j.LocalContainerEntityManagerFactoryBean : Initialized JPA EntityManagerFactory for persistence unit 'default'
2023-01-09 09:29:50.209  WARN 4504 --- [main] JpaBaseConfiguration$JpaWebConfiguration : spring.jpa.open-in-view is enabled by default. Therefore, database queries may be performed during view rendering. Explicitly configure spring.jpa.open-in-view to disable this warning
2023-01-09 09:29:50.436 DEBUG 4504 --- [main] s.w.s.m.m.a.RequestMappingHandlerAdapter : ControllerAdvice beans: 0 @ModelAttribute, 0 @InitBinder, 1 RequestBodyAdvice, 1 ResponseBodyAdvice
2023-01-09 09:29:50.480  INFO 4504 --- [main] o.s.b.a.w.s.WelcomePageHandlerMapping    : Adding welcome page: class path resource [static/index.html]
2023-01-09 09:29:50.525 DEBUG 4504 --- [main] s.w.s.m.m.a.RequestMappingHandlerMapping : 9 mappings in 'requestMappingHandlerMapping'
2023-01-09 09:29:50.562 DEBUG 4504 --- [main] o.s.w.s.handler.SimpleUrlHandlerMapping  : Patterns [/webjars/**, /**] in 'resourceHandlerMapping'
2023-01-09 09:29:50.588 DEBUG 4504 --- [main] .m.m.a.ExceptionHandlerExceptionResolver : ControllerAdvice beans: 0 @ExceptionHandler, 1 ResponseBodyAdvice
2023-01-09 09:29:50.809  INFO 4504 --- [main] o.s.b.w.embedded.tomcat.TomcatWebServer  : Tomcat started on port(s): 8080 (http) with context path ''
2023-01-09 09:29:50.830  INFO 4504 --- [main] com.kgisl.bootbrit.BootbritApplication   : Started BootbritApplication in 7.432 seconds (JVM running for 8.671)
2023-01-09 09:30:05.415  INFO 4504 --- [http-nio-8080-exec-1] o.a.c.c.C.[Tomcat].[localhost].[/]       : Initializing Spring DispatcherServlet 'dispatcherServlet'
2023-01-09 09:30:05.416  INFO 4504 --- [http-nio-8080-exec-1] o.s.web.servlet.DispatcherServlet        : Initializing Servlet 'dispatcherServlet'
2023-01-09 09:30:05.416 DEBUG 4504 --- [http-nio-8080-exec-1] o.s.web.servlet.DispatcherServlet        : Detected StandardServletMultipartResolver
2023-01-09 09:30:05.417 DEBUG 4504 --- [http-nio-8080-exec-1] o.s.web.servlet.DispatcherServlet        : Detected AcceptHeaderLocaleResolver
2023-01-09 09:30:05.417 DEBUG 4504 --- [http-nio-8080-exec-1] o.s.web.servlet.DispatcherServlet        : Detected FixedThemeResolver
2023-01-09 09:30:05.418 DEBUG 4504 --- [http-nio-8080-exec-1] o.s.web.servlet.DispatcherServlet        : Detected org.springframework.web.servlet.view.DefaultRequestToViewNameTranslator@3b3546a3
2023-01-09 09:30:05.419 DEBUG 4504 --- [http-nio-8080-exec-1] o.s.web.servlet.DispatcherServlet        : Detected org.springframework.web.servlet.support.SessionFlashMapManager@563172d3
2023-01-09 09:30:05.420 DEBUG 4504 --- [http-nio-8080-exec-1] o.s.web.servlet.DispatcherServlet        : enableLoggingRequestDetails='false': request parameters and headers will be masked to prevent unsafe logging of potentially sensitive data
2023-01-09 09:30:05.420  INFO 4504 --- [http-nio-8080-exec-1] o.s.web.servlet.DispatcherServlet        : Completed initialization in 4 ms
2023-01-09 09:30:05.444 DEBUG 4504 --- [http-nio-8080-exec-1] o.s.web.servlet.DispatcherServlet        : GET "/", parameters={}
2023-01-09 09:30:05.464 DEBUG 4504 --- [http-nio-8080-exec-1] o.s.w.s.v.ContentNegotiatingViewResolver : Selected 'text/html' given [text/html, application/xhtml+xml, image/avif, image/webp, image/apng, application/xml;q=0.9, application/signed-exchange;v=b3;q=0.9, */*;q=0.8]
2023-01-09 09:30:05.465 DEBUG 4504 --- [http-nio-8080-exec-1] o.s.w.servlet.view.InternalResourceView  : View name 'forward:', model {}
2023-01-09 09:30:05.466 DEBUG 4504 --- [http-nio-8080-exec-1] o.s.w.servlet.view.InternalResourceView  : Forwarding to [index.html]
2023-01-09 09:30:05.469 DEBUG 4504 --- [http-nio-8080-exec-1] o.s.web.servlet.DispatcherServlet        : "FORWARD" dispatch for GET "/index.html", parameters={}
2023-01-09 09:30:05.471 DEBUG 4504 --- [http-nio-8080-exec-1] o.s.w.s.handler.SimpleUrlHandlerMapping  : Mapped to ResourceHttpRequestHandler [classpath [META-INF/resources/], classpath [resources/], classpath [static/], classpath [public/], ServletContext [/]]
2023-01-09 09:30:05.524 DEBUG 4504 --- [http-nio-8080-exec-1] o.s.web.servlet.DispatcherServlet        : Exiting from "FORWARD" dispatch, status 200
2023-01-09 09:30:05.542 DEBUG 4504 --- [http-nio-8080-exec-1] o.s.web.servlet.DispatcherServlet        : Completed 200 OK
2023-01-09 09:30:05.798 DEBUG 4504 --- [http-nio-8080-exec-2] o.s.web.servlet.DispatcherServlet        : GET "/favicon.ico", parameters={}
2023-01-09 09:30:05.799 DEBUG 4504 --- [http-nio-8080-exec-2] o.s.w.s.handler.SimpleUrlHandlerMapping  : Mapped to ResourceHttpRequestHandler [classpath [META-INF/resources/], classpath [resources/], classpath [static/], classpath [public/], ServletContext [/]]
2023-01-09 09:30:05.802 DEBUG 4504 --- [http-nio-8080-exec-2] o.s.w.s.r.ResourceHttpRequestHandler     : Resource not found
2023-01-09 09:30:05.804 DEBUG 4504 --- [http-nio-8080-exec-2] o.s.web.servlet.DispatcherServlet        : Completed 404 NOT_FOUND
2023-01-09 09:30:05.805 DEBUG 4504 --- [http-nio-8080-exec-2] o.s.web.servlet.DispatcherServlet        : "ERROR" dispatch for GET "/error", parameters={}
2023-01-09 09:30:05.809 DEBUG 4504 --- [http-nio-8080-exec-2] s.w.s.m.m.a.RequestMappingHandlerMapping : Mapped to org.springframework.boot.autoconfigure.web.servlet.error.BasicErrorController#error(HttpServletRequest)
2023-01-09 09:30:06.003 DEBUG 4504 --- [http-nio-8080-exec-2] o.s.w.s.m.m.a.HttpEntityMethodProcessor  : Using 'application/json;q=0.8', given [image/avif, image/webp, image/apng, image/svg+xml, image/*, */*;q=0.8] and supported [application/json, application/*+json, application/json, application/*+json]
2023-01-09 09:30:06.015 DEBUG 4504 --- [http-nio-8080-exec-2] o.s.w.s.m.m.a.HttpEntityMethodProcessor  : Writing [{timestamp=Mon Jan 09 09:30:05 IST 2023, status=404, error=Not Found, path=/favicon.ico}]
2023-01-09 09:30:06.089 DEBUG 4504 --- [http-nio-8080-exec-2] o.s.web.servlet.DispatcherServlet        : Exiting from "ERROR" dispatch, status 404
